  Assembling E_1_Mediana_.asm...
  Assembling E_2_VectorPotencia_.asm...
  Assembling E_3_Promedio_.asm...
  Assembling E_4_Pares_.asm...
  Assembling Plantilla_.asm...
  Assembling P_10_CuantosMenoresQueX_.asm...
  Assembling P_11_EntradaVector_.asm...
  Assembling P_12_DUP_.asm...
  Assembling P_13_LeerCaracteres_.asm...
  Assembling P_14_LeerCaracteresVector_.asm...
  Assembling P_15_ModificaCadena_.asm...
  Assembling P_16_ModificaCadena2_.asm...
  Assembling P_1_IntroVectores_.asm...
  Assembling P_2_IntroVectores2_.asm...
  Assembling P_3_Vector_.asm...
  Assembling P_4_Vector2_.asm...
  Assembling P_5_Vector3_.asm...
  Assembling P_6_Vector4_.asm...
  Assembling P_7_RecorridoArreglos_.asm...
  Assembling P_8_ValorMayor_.asm...
  Assembling P_9_ValorMenor_.asm...
E_1_Mediana_.obj : warning LNK4258: la directiva '/ENTRY:mainE1@0' no es compatible con el modificador '/ENTRY:mainE4'; se ha omitido
E_2_VectorPotencia_.obj : warning LNK4258: la directiva '/ENTRY:mainE2@0' no es compatible con el modificador '/ENTRY:mainE4'; se ha omitido
E_3_Promedio_.obj : warning LNK4258: la directiva '/ENTRY:mainE3@0' no es compatible con el modificador '/ENTRY:mainE4'; se ha omitido
E_4_Pares_.obj : warning LNK4258: la directiva '/ENTRY:mainE4@0' no es compatible con el modificador '/ENTRY:mainE4'; se ha omitido
Plantilla_.obj : warning LNK4258: la directiva '/ENTRY:main@0' no es compatible con el modificador '/ENTRY:mainE4'; se ha omitido
P_10_CuantosMenoresQueX_.obj : warning LNK4258: la directiva '/ENTRY:main10@0' no es compatible con el modificador '/ENTRY:mainE4'; se ha omitido
P_11_EntradaVector_.obj : warning LNK4258: la directiva '/ENTRY:main11@0' no es compatible con el modificador '/ENTRY:mainE4'; se ha omitido
P_12_DUP_.obj : warning LNK4258: la directiva '/ENTRY:main12@0' no es compatible con el modificador '/ENTRY:mainE4'; se ha omitido
P_13_LeerCaracteres_.obj : warning LNK4258: la directiva '/ENTRY:main13@0' no es compatible con el modificador '/ENTRY:mainE4'; se ha omitido
P_14_LeerCaracteresVector_.obj : warning LNK4258: la directiva '/ENTRY:main14@0' no es compatible con el modificador '/ENTRY:mainE4'; se ha omitido
P_15_ModificaCadena_.obj : warning LNK4258: la directiva '/ENTRY:main15@0' no es compatible con el modificador '/ENTRY:mainE4'; se ha omitido
P_16_ModificaCadena2_.obj : warning LNK4258: la directiva '/ENTRY:main16@0' no es compatible con el modificador '/ENTRY:mainE4'; se ha omitido
P_1_IntroVectores_.obj : warning LNK4258: la directiva '/ENTRY:main1@0' no es compatible con el modificador '/ENTRY:mainE4'; se ha omitido
P_2_IntroVectores2_.obj : warning LNK4258: la directiva '/ENTRY:main2@0' no es compatible con el modificador '/ENTRY:mainE4'; se ha omitido
P_3_Vector_.obj : warning LNK4258: la directiva '/ENTRY:main3@0' no es compatible con el modificador '/ENTRY:mainE4'; se ha omitido
P_4_Vector2_.obj : warning LNK4258: la directiva '/ENTRY:main4@0' no es compatible con el modificador '/ENTRY:mainE4'; se ha omitido
P_5_Vector3_.obj : warning LNK4258: la directiva '/ENTRY:main5@0' no es compatible con el modificador '/ENTRY:mainE4'; se ha omitido
P_6_Vector4_.obj : warning LNK4258: la directiva '/ENTRY:main6@0' no es compatible con el modificador '/ENTRY:mainE4'; se ha omitido
P_7_RecorridoArreglos_.obj : warning LNK4258: la directiva '/ENTRY:main7@0' no es compatible con el modificador '/ENTRY:mainE4'; se ha omitido
P_8_ValorMayor_.obj : warning LNK4258: la directiva '/ENTRY:main8@0' no es compatible con el modificador '/ENTRY:mainE4'; se ha omitido
P_9_ValorMenor_.obj : warning LNK4258: la directiva '/ENTRY:main9@0' no es compatible con el modificador '/ENTRY:mainE4'; se ha omitido
  PM_U4_EQ_1.vcxproj -> C:\Users\Reyna\source\repos\PM_U4_EQ_1\Debug\PM_U4_EQ_1.exe
